apiserver_request:availability30d{verb=\"all\", cluster=\"$cluster\"}
100 * (apiserver_request:availability30d{verb=\"all\", cluster=\"$cluster\"} - 0.990000)
apiserver_request:availability30d{verb=\"read\", cluster=\"$cluster\"}
sum by (code) (code_resource:apiserver_request_total:rate5m{verb=\"read\", cluster=\"$cluster\"})
sum by (resource) (code_resource:apiserver_request_total:rate5m{verb=\"read\",code=~\"5..\", cluster=\"$cluster\"}) / sum by (resource) (code_resource:apiserver_request_total:rate5m{verb=\"read\", cluster=\"$cluster\"})
cluster_quantile:apiserver_request_duration_seconds:histogram_quantile{verb=\"read\", cluster=\"$cluster\"}
apiserver_request:availability30d{verb=\"write\", cluster=\"$cluster\"}
sum by (code) (code_resource:apiserver_request_total:rate5m{verb=\"write\", cluster=\"$cluster\"})
sum by (resource) (code_resource:apiserver_request_total:rate5m{verb=\"write\",code=~\"5..\", cluster=\"$cluster\"}) / sum by (resource) (code_resource:apiserver_request_total:rate5m{verb=\"write\", cluster=\"$cluster\"})
cluster_quantile:apiserver_request_duration_seconds:histogram_quantile{verb=\"write\", cluster=\"$cluster\"}
sum(rate(workqueue_adds_total{job=\"kube-apiserver\", instance=~\"$instance\", cluster=\"$cluster\"}[5m])) by (instance, name)
sum(rate(workqueue_depth{job=\"kube-apiserver\", instance=~\"$instance\", cluster=\"$cluster\"}[5m])) by (instance, name)
histogram_quantile(0.99, sum(rate(workqueue_queue_duration_seconds_bucket{job=\"kube-apiserver\", instance=~\"$instance\", cluster=\"$cluster\"}[5m])) by (instance, name, le))
process_resident_memory_bytes{job=\"kube-apiserver\",instance=~\"$instance\", cluster=\"$cluster\"}
rate(process_cpu_seconds_total{job=\"kube-apiserver\",instance=~\"$instance\", cluster=\"$cluster\"}[5m])
go_goroutines{job=\"kube-apiserver\",instance=~\"$instance\", cluster=\"$cluster\"}
sort_desc(sum(irate(container_network_receive_bytes_total{namespace=~\".+\"}[$interval:$resolution])) by (namespace))
sort_desc(sum(irate(container_network_transmit_bytes_total{namespace=~\".+\"}[$interval:$resolution])) by (namespace))
sort_desc(sum(irate(container_network_receive_bytes_total{namespace=~\".+\"}[$interval:$resolution])) by (namespace))
sort_desc(sum(irate(container_network_transmit_bytes_total{namespace=~\".+\"}[$interval:$resolution])) by (namespace))
sort_desc(avg(irate(container_network_receive_bytes_total{namespace=~\".+\"}[$interval:$resolution])) by (namespace))
sort_desc(avg(irate(container_network_transmit_bytes_total{namespace=~\".+\"}[$interval:$resolution])) by (namespace))
sort_desc(sum(irate(container_network_receive_packets_total{namespace=~\".+\"}[$interval:$resolution])) by (namespace))
sort_desc(sum(irate(container_network_transmit_packets_total{namespace=~\".+\"}[$interval:$resolution])) by (namespace))
sort_desc(sum(irate(container_network_receive_packets_dropped_total{namespace=~\".+\"}[$interval:$resolution])) by (namespace))
sort_desc(sum(irate(container_network_transmit_packets_dropped_total{namespace=~\".+\"}[$interval:$resolution])) by (namespace))
sort_desc(avg(irate(container_network_receive_bytes_total{namespace=~\".+\"}[$interval:$resolution])) by (namespace))
sort_desc(avg(irate(container_network_transmit_bytes_total{namespace=~\".+\"}[$interval:$resolution])) by (namespace))
sort_desc(sum(irate(container_network_receive_bytes_total{namespace=~\".+\"}[$interval:$resolution])) by (namespace))
sort_desc(sum(irate(container_network_transmit_bytes_total{namespace=~\".+\"}[$interval:$resolution])) by (namespace))
sort_desc(sum(irate(container_network_receive_packets_total{namespace=~\".+\"}[$interval:$resolution])) by (namespace))
sort_desc(sum(irate(container_network_transmit_packets_total{namespace=~\".+\"}[$interval:$resolution])) by (namespace))
sort_desc(sum(irate(container_network_receive_packets_dropped_total{namespace=~\".+\"}[$interval:$resolution])) by (namespace))
sort_desc(sum(irate(container_network_transmit_packets_dropped_total{namespace=~\".+\"}[$interval:$resolution])) by (namespace))
sort_desc(sum(rate(node_netstat_Tcp_RetransSegs[$interval:$resolution]) / rate(node_netstat_Tcp_OutSegs[$interval:$resolution])) by (instance))
sort_desc(sum(rate(node_netstat_TcpExt_TCPSynRetrans[$interval:$resolution]) / rate(node_netstat_Tcp_RetransSegs[$interval:$resolution])) by (instance))
sum(up{job=\"kube-controller-manager\"})
sum(rate(workqueue_adds_total{job=\"kube-controller-manager\", instance=~\"$instance\"}[5m])) by (instance, name)
sum(rate(workqueue_depth{job=\"kube-controller-manager\", instance=~\"$instance\"}[5m])) by (instance, name)
histogram_quantile(0.99, sum(rate(workqueue_queue_duration_seconds_bucket{job=\"kube-controller-manager\", instance=~\"$instance\"}[5m])) by (instance, name, le))
sum(rate(rest_client_requests_total{job=\"kube-controller-manager\", instance=~\"$instance\",code=~\"2..\"}[5m]))
sum(rate(rest_client_requests_total{job=\"kube-controller-manager\", instance=~\"$instance\",code=~\"3..\"}[5m]))
sum(rate(rest_client_requests_total{job=\"kube-controller-manager\", instance=~\"$instance\",code=~\"4..\"}[5m]))
sum(rate(rest_client_requests_total{job=\"kube-controller-manager\", instance=~\"$instance\",code=~\"5..\"}[5m]))
histogram_quantile(0.99, sum(rate(rest_client_request_duration_seconds_bucket{job=\"kube-controller-manager\", instance=~\"$instance\", verb=\"POST\"}[5m])) by (verb, url, le))
histogram_quantile(0.99, sum(rate(rest_client_request_duration_seconds_bucket{job=\"kube-controller-manager\", instance=~\"$instance\", verb=\"GET\"}[5m])) by (verb, url, le))
process_resident_memory_bytes{job=\"kube-controller-manager\",instance=~\"$instance\"}
rate(process_cpu_seconds_total{job=\"kube-controller-manager\",instance=~\"$instance\"}[5m])
go_goroutines{job=\"kube-controller-manager\",instance=~\"$instance\"}
1 - avg(rate(node_cpu_seconds_total{mode=\"idle\", cluster=\"$cluster\"}[$__interval]))
sum(kube_pod_container_resource_requests_cpu_cores{cluster=\"$cluster\"}) / sum(kube_node_status_allocatable_cpu_cores{cluster=\"$cluster\"})
sum(kube_pod_container_resource_limits_cpu_cores{cluster=\"$cluster\"}) / sum(kube_node_status_allocatable_cpu_cores{cluster=\"$cluster\"})
1 - sum(:node_memory_MemAvailable_bytes:sum{cluster=\"$cluster\"}) / sum(kube_node_status_allocatable_memory_bytes{cluster=\"$cluster\"})
sum(kube_pod_container_resource_requests_memory_bytes{cluster=\"$cluster\"}) / sum(kube_node_status_allocatable_memory_bytes{cluster=\"$cluster\"})
sum(kube_pod_container_resource_limits_memory_bytes{cluster=\"$cluster\"}) / sum(kube_node_status_allocatable_memory_bytes{cluster=\"$cluster\"})
sum(node_namespace_pod_container:container_cpu_usage_seconds_total:sum_rate{cluster=\"$cluster\"}) by (namespace)
sum(kube_pod_owner{cluster=\"$cluster\"}) by (namespace)
count(avg(namespace_workload_pod:kube_pod_owner:relabel{cluster=\"$cluster\"}) by (workload, namespace)) by (namespace)
sum(node_namespace_pod_container:container_cpu_usage_seconds_total:sum_rate{cluster=\"$cluster\"}) by (namespace)
sum(kube_pod_container_resource_requests_cpu_cores{cluster=\"$cluster\"}) by (namespace)
sum(node_namespace_pod_container:container_cpu_usage_seconds_total:sum_rate{cluster=\"$cluster\"}) by (namespace) / sum(kube_pod_container_resource_requests_cpu_cores{cluster=\"$cluster\"}) by (namespace)
sum(kube_pod_container_resource_limits_cpu_cores{cluster=\"$cluster\"}) by (namespace)
sum(node_namespace_pod_container:container_cpu_usage_seconds_total:sum_rate{cluster=\"$cluster\"}) by (namespace) / sum(kube_pod_container_resource_limits_cpu_cores{cluster=\"$cluster\"}) by (namespace)
sum(container_memory_rss{cluster=\"$cluster\", container!=\"\"}) by (namespace)
sum(kube_pod_owner{cluster=\"$cluster\"}) by (namespace)
count(avg(namespace_workload_pod:kube_pod_owner:relabel{cluster=\"$cluster\"}) by (workload, namespace)) by (namespace)
sum(container_memory_rss{cluster=\"$cluster\", container!=\"\"}) by (namespace)
sum(kube_pod_container_resource_requests_memory_bytes{cluster=\"$cluster\"}) by (namespace)
sum(container_memory_rss{cluster=\"$cluster\", container!=\"\"}) by (namespace) / sum(kube_pod_container_resource_requests_memory_bytes{cluster=\"$cluster\"}) by (namespace)
sum(kube_pod_container_resource_limits_memory_bytes{cluster=\"$cluster\"}) by (namespace)
sum(container_memory_rss{cluster=\"$cluster\", container!=\"\"}) by (namespace) / sum(kube_pod_container_resource_limits_memory_bytes{cluster=\"$cluster\"}) by (namespace)
sum(irate(container_network_receive_bytes_total{cluster=\"$cluster\", namespace=~\".+\"}[$__interval])) by (namespace)
sum(irate(container_network_transmit_bytes_total{cluster=\"$cluster\", namespace=~\".+\"}[$__interval])) by (namespace)
sum(irate(container_network_receive_packets_total{cluster=\"$cluster\", namespace=~\".+\"}[$__interval])) by (namespace)
sum(irate(container_network_transmit_packets_total{cluster=\"$cluster\", namespace=~\".+\"}[$__interval])) by (namespace)
sum(irate(container_network_receive_packets_dropped_total{cluster=\"$cluster\", namespace=~\".+\"}[$__interval])) by (namespace)
sum(irate(container_network_transmit_packets_dropped_total{cluster=\"$cluster\", namespace=~\".+\"}[$__interval])) by (namespace)
sum(irate(container_network_receive_bytes_total{cluster=\"$cluster\", namespace=~\".+\"}[$__interval])) by (namespace)
sum(irate(container_network_transmit_bytes_total{cluster=\"$cluster\", namespace=~\".+\"}[$__interval])) by (namespace)
avg(irate(container_network_receive_bytes_total{cluster=\"$cluster\", namespace=~\".+\"}[$__interval])) by (namespace)
avg(irate(container_network_transmit_bytes_total{cluster=\"$cluster\", namespace=~\".+\"}[$__interval])) by (namespace)
sum(irate(container_network_receive_packets_total{cluster=\"$cluster\", namespace=~\".+\"}[$__interval])) by (namespace)
sum(irate(container_network_transmit_packets_total{cluster=\"$cluster\", namespace=~\".+\"}[$__interval])) by (namespace)
sum(irate(container_network_receive_packets_dropped_total{cluster=\"$cluster\", namespace=~\".+\"}[$__interval])) by (namespace)
sum(irate(container_network_transmit_packets_dropped_total{cluster=\"$cluster\", namespace=~\".+\"}[$__interval])) by (namespace)
sum(node_namespace_pod_container:container_cpu_usage_seconds_total:sum_rate{cluster=\"$cluster\", namespace=\"$namespace\"}) / sum(kube_pod_container_resource_requests_cpu_cores{cluster=\"$cluster\", namespace=\"$namespace\"})
sum(node_namespace_pod_container:container_cpu_usage_seconds_total:sum_rate{cluster=\"$cluster\", namespace=\"$namespace\"}) / sum(kube_pod_container_resource_limits_cpu_cores{cluster=\"$cluster\", namespace=\"$namespace\"})
sum(container_memory_working_set_bytes{cluster=\"$cluster\", namespace=\"$namespace\",container!=\"\", image!=\"\"}) / sum(kube_pod_container_resource_requests_memory_bytes{namespace=\"$namespace\"})
sum(container_memory_working_set_bytes{cluster=\"$cluster\", namespace=\"$namespace\",container!=\"\", image!=\"\"}) / sum(kube_pod_container_resource_limits_memory_bytes{namespace=\"$namespace\"})
sum(node_namespace_pod_container:container_cpu_usage_seconds_total:sum_rate{cluster=\"$cluster\", namespace=\"$namespace\"}) by (pod)
scalar(kube_resourcequota{cluster=\"$cluster\", namespace=\"$namespace\", type=\"hard\",resource=\"requests.cpu\"})
scalar(kube_resourcequota{cluster=\"$cluster\", namespace=\"$namespace\", type=\"hard\",resource=\"limits.cpu\"})
sum(node_namespace_pod_container:container_cpu_usage_seconds_total:sum_rate{cluster=\"$cluster\", namespace=\"$namespace\"}) by (pod)
sum(kube_pod_container_resource_requests_cpu_cores{cluster=\"$cluster\", namespace=\"$namespace\"}) by (pod)
sum(node_namespace_pod_container:container_cpu_usage_seconds_total:sum_rate{cluster=\"$cluster\", namespace=\"$namespace\"}) by (pod) / sum(kube_pod_container_resource_requests_cpu_cores{cluster=\"$cluster\", namespace=\"$namespace\"}) by (pod)
sum(kube_pod_container_resource_limits_cpu_cores{cluster=\"$cluster\", namespace=\"$namespace\"}) by (pod)
sum(node_namespace_pod_container:container_cpu_usage_seconds_total:sum_rate{cluster=\"$cluster\", namespace=\"$namespace\"}) by (pod) / sum(kube_pod_container_resource_limits_cpu_cores{cluster=\"$cluster\", namespace=\"$namespace\"}) by (pod)
sum(container_memory_working_set_bytes{cluster=\"$cluster\", namespace=\"$namespace\", container!=\"\", image!=\"\"}) by (pod)
scalar(kube_resourcequota{cluster=\"$cluster\", namespace=\"$namespace\", type=\"hard\",resource=\"requests.memory\"})
scalar(kube_resourcequota{cluster=\"$cluster\", namespace=\"$namespace\", type=\"hard\",resource=\"limits.memory\"})
sum(container_memory_working_set_bytes{cluster=\"$cluster\", namespace=\"$namespace\",container!=\"\", image!=\"\"}) by (pod)
sum(kube_pod_container_resource_requests_memory_bytes{cluster=\"$cluster\", namespace=\"$namespace\"}) by (pod)
sum(container_memory_working_set_bytes{cluster=\"$cluster\", namespace=\"$namespace\",container!=\"\", image!=\"\"}) by (pod) / sum(kube_pod_container_resource_requests_memory_bytes{namespace=\"$namespace\"}) by (pod)
sum(kube_pod_container_resource_limits_memory_bytes{cluster=\"$cluster\", namespace=\"$namespace\"}) by (pod)
sum(container_memory_working_set_bytes{cluster=\"$cluster\", namespace=\"$namespace\",container!=\"\", image!=\"\"}) by (pod) / sum(kube_pod_container_resource_limits_memory_bytes{namespace=\"$namespace\"}) by (pod)
sum(container_memory_rss{cluster=\"$cluster\", namespace=\"$namespace\",container!=\"\"}) by (pod)
sum(container_memory_cache{cluster=\"$cluster\", namespace=\"$namespace\",container!=\"\"}) by (pod)
sum(container_memory_swap{cluster=\"$cluster\", namespace=\"$namespace\",container!=\"\"}) by (pod)
sum(irate(container_network_receive_bytes_total{cluster=\"$cluster\", namespace=~\"$namespace\"}[$__interval])) by (pod)
sum(irate(container_network_transmit_bytes_total{cluster=\"$cluster\", namespace=~\"$namespace\"}[$__interval])) by (pod)
sum(irate(container_network_receive_packets_total{cluster=\"$cluster\", namespace=~\"$namespace\"}[$__interval])) by (pod)
sum(irate(container_network_transmit_packets_total{cluster=\"$cluster\", namespace=~\"$namespace\"}[$__interval])) by (pod)
sum(irate(container_network_receive_packets_dropped_total{cluster=\"$cluster\", namespace=~\"$namespace\"}[$__interval])) by (pod)
sum(irate(container_network_transmit_packets_dropped_total{cluster=\"$cluster\", namespace=~\"$namespace\"}[$__interval])) by (pod)
sum(irate(container_network_receive_bytes_total{cluster=\"$cluster\", namespace=~\"$namespace\"}[$__interval])) by (pod)
sum(irate(container_network_transmit_bytes_total{cluster=\"$cluster\", namespace=~\"$namespace\"}[$__interval])) by (pod)
sum(irate(container_network_receive_packets_total{cluster=\"$cluster\", namespace=~\"$namespace\"}[$__interval])) by (pod)
sum(irate(container_network_transmit_packets_total{cluster=\"$cluster\", namespace=~\"$namespace\"}[$__interval])) by (pod)
sum(irate(container_network_receive_packets_dropped_total{cluster=\"$cluster\", namespace=~\"$namespace\"}[$__interval])) by (pod)
sum(irate(container_network_transmit_packets_dropped_total{cluster=\"$cluster\", namespace=~\"$namespace\"}[$__interval])) by (pod)
sum(node_namespace_pod_container:container_cpu_usage_seconds_total:sum_rate{cluster=\"$cluster\", node=~\"$node\"}) by (pod)
sum(node_namespace_pod_container:container_cpu_usage_seconds_total:sum_rate{cluster=\"$cluster\", node=~\"$node\"}) by (pod)
sum(kube_pod_container_resource_requests_cpu_cores{cluster=\"$cluster\", node=~\"$node\"}) by (pod)
sum(node_namespace_pod_container:container_cpu_usage_seconds_total:sum_rate{cluster=\"$cluster\", node=~\"$node\"}) by (pod) / sum(kube_pod_container_resource_requests_cpu_cores{cluster=\"$cluster\", node=~\"$node\"}) by (pod)
sum(kube_pod_container_resource_limits_cpu_cores{cluster=\"$cluster\", node=~\"$node\"}) by (pod)
sum(node_namespace_pod_container:container_cpu_usage_seconds_total:sum_rate{cluster=\"$cluster\", node=~\"$node\"}) by (pod) / sum(kube_pod_container_resource_limits_cpu_cores{cluster=\"$cluster\", node=~\"$node\"}) by (pod)
sum(node_namespace_pod_container:container_memory_working_set_bytes{cluster=\"$cluster\", node=~\"$node\", container!=\"\"}) by (pod)
sum(node_namespace_pod_container:container_memory_working_set_bytes{cluster=\"$cluster\", node=~\"$node\",container!=\"\"}) by (pod)
sum(kube_pod_container_resource_requests_memory_bytes{cluster=\"$cluster\", node=~\"$node\"}) by (pod)
sum(node_namespace_pod_container:container_memory_working_set_bytes{cluster=\"$cluster\", node=~\"$node\",container!=\"\"}) by (pod) / sum(kube_pod_container_resource_requests_memory_bytes{node=~\"$node\"}) by (pod)
sum(kube_pod_container_resource_limits_memory_bytes{cluster=\"$cluster\", node=~\"$node\"}) by (pod)
sum(node_namespace_pod_container:container_memory_working_set_bytes{cluster=\"$cluster\", node=~\"$node\",container!=\"\"}) by (pod) / sum(kube_pod_container_resource_limits_memory_bytes{node=~\"$node\"}) by (pod)
sum(node_namespace_pod_container:container_memory_rss{cluster=\"$cluster\", node=~\"$node\",container!=\"\"}) by (pod)
sum(node_namespace_pod_container:container_memory_cache{cluster=\"$cluster\", node=~\"$node\",container!=\"\"}) by (pod)
sum(node_namespace_pod_container:container_memory_swap{cluster=\"$cluster\", node=~\"$node\",container!=\"\"}) by (pod)
sum(node_namespace_pod_container:container_cpu_usage_seconds_total:sum_rate{namespace=\"$namespace\", pod=\"$pod\", container!=\"POD\", cluster=\"$cluster\"}) by (container)
sum(\n    kube_pod_container_resource_requests_cpu_cores{cluster=\"$cluster\", namespace=\"$namespace\", pod=\"$pod\"})\n
sum(\n    kube_pod_container_resource_limits_cpu_cores{cluster=\"$cluster\", namespace=\"$namespace\", pod=\"$pod\"})\n
sum(increase(container_cpu_cfs_throttled_periods_total{namespace=\"$namespace\", pod=\"$pod\", container!=\"POD\", container!=\"\", cluster=\"$cluster\"}[5m])) by (container) /sum(increase(container_cpu_cfs_periods_total{namespace=\"$namespace\", pod=\"$pod\", container!=\"POD\", container!=\"\", cluster=\"$cluster\"}[5m])) by (container)
sum(node_namespace_pod_container:container_cpu_usage_seconds_total:sum_rate{cluster=\"$cluster\", namespace=\"$namespace\", pod=\"$pod\", container!=\"POD\"}) by (container)
sum(kube_pod_container_resource_requests_cpu_cores{cluster=\"$cluster\", namespace=\"$namespace\", pod=\"$pod\"}) by (container)
sum(node_namespace_pod_container:container_cpu_usage_seconds_total:sum_rate{cluster=\"$cluster\", namespace=\"$namespace\", pod=\"$pod\"}) by (container) / sum(kube_pod_container_resource_requests_cpu_cores{cluster=\"$cluster\", namespace=\"$namespace\", pod=\"$pod\"}) by (container)
sum(kube_pod_container_resource_limits_cpu_cores{cluster=\"$cluster\", namespace=\"$namespace\", pod=\"$pod\"}) by (container)
sum(node_namespace_pod_container:container_cpu_usage_seconds_total:sum_rate{cluster=\"$cluster\", namespace=\"$namespace\", pod=\"$pod\"}) by (container) / sum(kube_pod_container_resource_limits_cpu_cores{cluster=\"$cluster\", namespace=\"$namespace\", pod=\"$pod\"}) by (container)
sum(container_memory_working_set_bytes{cluster=\"$cluster\", namespace=\"$namespace\", pod=\"$pod\", container!=\"POD\", container!=\"\", image!=\"\"}) by (container)
sum(\n    kube_pod_container_resource_requests_memory_bytes{cluster=\"$cluster\", namespace=\"$namespace\", pod=\"$pod\"})\n
sum(\n    kube_pod_container_resource_limits_memory_bytes{cluster=\"$cluster\", namespace=\"$namespace\", pod=\"$pod\"})\n
sum(container_memory_working_set_bytes{cluster=\"$cluster\", namespace=\"$namespace\", pod=\"$pod\", container!=\"POD\", container!=\"\", image!=\"\"}) by (container)
sum(kube_pod_container_resource_requests_memory_bytes{cluster=\"$cluster\", namespace=\"$namespace\", pod=\"$pod\"}) by (container)
sum(container_memory_working_set_bytes{cluster=\"$cluster\", namespace=\"$namespace\", pod=\"$pod\", image!=\"\"}) by (container) / sum(kube_pod_container_resource_requests_memory_bytes{cluster=\"$cluster\", namespace=\"$namespace\", pod=\"$pod\"}) by (container)
sum(kube_pod_container_resource_limits_memory_bytes{cluster=\"$cluster\", namespace=\"$namespace\", pod=\"$pod\", container!=\"\"}) by (container)
sum(container_memory_working_set_bytes{cluster=\"$cluster\", namespace=\"$namespace\", pod=\"$pod\", container!=\"\", image!=\"\"}) by (container) / sum(kube_pod_container_resource_limits_memory_bytes{cluster=\"$cluster\", namespace=\"$namespace\", pod=\"$pod\"}) by (container)
sum(container_memory_rss{cluster=\"$cluster\", namespace=\"$namespace\", pod=\"$pod\", container != \"\", container != \"POD\"}) by (container)
sum(container_memory_cache{cluster=\"$cluster\", namespace=\"$namespace\", pod=\"$pod\", container != \"\", container != \"POD\"}) by (container)
sum(container_memory_swap{cluster=\"$cluster\", namespace=\"$namespace\", pod=\"$pod\", container != \"\", container != \"POD\"}) by (container)
sum(irate(container_network_receive_bytes_total{namespace=~\"$namespace\", pod=~\"$pod\"}[$__interval])) by (pod)
sum(irate(container_network_transmit_bytes_total{namespace=~\"$namespace\", pod=~\"$pod\"}[$__interval])) by (pod)
sum(irate(container_network_receive_packets_total{namespace=~\"$namespace\", pod=~\"$pod\"}[$__interval])) by (pod)
sum(irate(container_network_transmit_packets_total{namespace=~\"$namespace\", pod=~\"$pod\"}[$__interval])) by (pod)
sum(irate(container_network_receive_packets_dropped_total{namespace=~\"$namespace\", pod=~\"$pod\"}[$__interval])) by (pod)
sum(irate(container_network_transmit_packets_dropped_total{namespace=~\"$namespace\", pod=~\"$pod\"}[$__interval])) by (pod)
sum(\n    node_namespace_pod_container:container_cpu_usage_seconds_total:sum_rate{cluster=\"$cluster\", namespace=\"$namespace\"}\n  * on(namespace,pod)\n    group_left(workload, workload_type) namespace_workload_pod:kube_pod_owner:relabel{cluster=\"$cluster\", namespace=\"$namespace\", workload=\"$workload\", workload_type=\"$type\"}\n) by (pod)\n
sum(\n    node_namespace_pod_container:container_cpu_usage_seconds_total:sum_rate{cluster=\"$cluster\", namespace=\"$namespace\"}\n  * on(namespace,pod)\n    group_left(workload, workload_type) namespace_workload_pod:kube_pod_owner:relabel{cluster=\"$cluster\", namespace=\"$namespace\", workload=\"$workload\", workload_type=\"$type\"}\n) by (pod)\n
sum(\n    kube_pod_container_resource_requests_cpu_cores{cluster=\"$cluster\", namespace=\"$namespace\"}\n  * on(namespace,pod)\n    group_left(workload, workload_type) namespace_workload_pod:kube_pod_owner:relabel{cluster=\"$cluster\", namespace=\"$namespace\", workload=\"$workload\", workload_type=\"$type\"}\n) by (pod)\n
sum(\n    node_namespace_pod_container:container_cpu_usage_seconds_total:sum_rate{cluster=\"$cluster\", namespace=\"$namespace\"}\n  * on(namespace,pod)\n    group_left(workload, workload_type) namespace_workload_pod:kube_pod_owner:relabel{cluster=\"$cluster\", namespace=\"$namespace\", workload=\"$workload\", workload_type=\"$type\"}\n) by (pod)\n/sum(\n    kube_pod_container_resource_requests_cpu_cores{cluster=\"$cluster\", namespace=\"$namespace\"}\n  * on(namespace,pod)\n    group_left(workload, workload_type) namespace_workload_pod:kube_pod_owner:relabel{cluster=\"$cluster\", namespace=\"$namespace\", workload=\"$workload\", workload_type=\"$type\"}\n) by (pod)\n
sum(\n    kube_pod_container_resource_limits_cpu_cores{cluster=\"$cluster\", namespace=\"$namespace\"}\n  * on(namespace,pod)\n    group_left(workload, workload_type) namespace_workload_pod:kube_pod_owner:relabel{cluster=\"$cluster\", namespace=\"$namespace\", workload=\"$workload\", workload_type=\"$type\"}\n) by (pod)\n
sum(\n    node_namespace_pod_container:container_cpu_usage_seconds_total:sum_rate{cluster=\"$cluster\", namespace=\"$namespace\"}\n  * on(namespace,pod)\n    group_left(workload, workload_type) namespace_workload_pod:kube_pod_owner:relabel{cluster=\"$cluster\", namespace=\"$namespace\", workload=\"$workload\", workload_type=\"$type\"}\n) by (pod)\n/sum(\n    kube_pod_container_resource_limits_cpu_cores{cluster=\"$cluster\", namespace=\"$namespace\"}\n  * on(namespace,pod)\n    group_left(workload, workload_type) namespace_workload_pod:kube_pod_owner:relabel{cluster=\"$cluster\", namespace=\"$namespace\", workload=\"$workload\", workload_type=\"$type\"}\n) by (pod)\n
sum(\n    container_memory_working_set_bytes{cluster=\"$cluster\", namespace=\"$namespace\", container!=\"\", image!=\"\"}\n  * on(namespace,pod)\n    group_left(workload, workload_type) namespace_workload_pod:kube_pod_owner:relabel{cluster=\"$cluster\", namespace=\"$namespace\", workload=\"$workload\", workload_type=\"$type\"}\n) by (pod)\n
sum(\n    container_memory_working_set_bytes{cluster=\"$cluster\", namespace=\"$namespace\", container!=\"\", image!=\"\"}\n  * on(namespace,pod)\n    group_left(workload, workload_type) namespace_workload_pod:kube_pod_owner:relabel{cluster=\"$cluster\", namespace=\"$namespace\", workload=\"$workload\", workload_type=\"$type\"}\n) by (pod)\n
sum(\n    kube_pod_container_resource_requests_memory_bytes{cluster=\"$cluster\", namespace=\"$namespace\"}\n  * on(namespace,pod)\n    group_left(workload, workload_type) namespace_workload_pod:kube_pod_owner:relabel{cluster=\"$cluster\", namespace=\"$namespace\", workload=\"$workload\", workload_type=\"$type\"}\n) by (pod)\n
sum(\n    container_memory_working_set_bytes{cluster=\"$cluster\", namespace=\"$namespace\", container!=\"\", image!=\"\"}\n  * on(namespace,pod)\n    group_left(workload, workload_type) namespace_workload_pod:kube_pod_owner:relabel{cluster=\"$cluster\", namespace=\"$namespace\", workload=\"$workload\", workload_type=\"$type\"}\n) by (pod)\n/sum(\n    kube_pod_container_resource_requests_memory_bytes{cluster=\"$cluster\", namespace=\"$namespace\"}\n  * on(namespace,pod)\n    group_left(workload, workload_type) namespace_workload_pod:kube_pod_owner:relabel{cluster=\"$cluster\", namespace=\"$namespace\", workload=\"$workload\", workload_type=\"$type\"}\n) by (pod)\n
sum(\n    kube_pod_container_resource_limits_memory_bytes{cluster=\"$cluster\", namespace=\"$namespace\"}\n  * on(namespace,pod)\n    group_left(workload, workload_type) namespace_workload_pod:kube_pod_owner:relabel{cluster=\"$cluster\", namespace=\"$namespace\", workload=\"$workload\", workload_type=\"$type\"}\n) by (pod)\n
sum(\n    container_memory_working_set_bytes{cluster=\"$cluster\", namespace=\"$namespace\", container!=\"\", image!=\"\"}\n  * on(namespace,pod)\n    group_left(workload, workload_type) namespace_workload_pod:kube_pod_owner:relabel{cluster=\"$cluster\", namespace=\"$namespace\", workload=\"$workload\", workload_type=\"$type\"}\n) by (pod)\n/sum(\n    kube_pod_container_resource_limits_memory_bytes{cluster=\"$cluster\", namespace=\"$namespace\"}\n  * on(namespace,pod)\n    group_left(workload, workload_type) namespace_workload_pod:kube_pod_owner:relabel{cluster=\"$cluster\", namespace=\"$namespace\", workload=\"$workload\", workload_type=\"$type\"}\n) by (pod)\n
(sum(irate(container_network_receive_bytes_total{cluster=\"$cluster\", namespace=~\"$namespace\"}[$__interval])\n* on (namespace,pod)\ngroup_left(workload,workload_type) namespace_workload_pod:kube_pod_owner:relabel{cluster=\"$cluster\", namespace=~\"$namespace\", workload=~\"$workload\", workload_type=\"$type\"}) by (pod))\n
(sum(irate(container_network_transmit_bytes_total{cluster=\"$cluster\", namespace=~\"$namespace\"}[$__interval])\n* on (namespace,pod)\ngroup_left(workload,workload_type) namespace_workload_pod:kube_pod_owner:relabel{cluster=\"$cluster\", namespace=~\"$namespace\", workload=~\"$workload\", workload_type=\"$type\"}) by (pod))\n
(sum(irate(container_network_receive_packets_total{cluster=\"$cluster\", namespace=~\"$namespace\"}[$__interval])\n* on (namespace,pod)\ngroup_left(workload,workload_type) namespace_workload_pod:kube_pod_owner:relabel{cluster=\"$cluster\", namespace=~\"$namespace\", workload=~\"$workload\", workload_type=\"$type\"}) by (pod))\n
(sum(irate(container_network_transmit_packets_total{cluster=\"$cluster\", namespace=~\"$namespace\"}[$__interval])\n* on (namespace,pod)\ngroup_left(workload,workload_type) namespace_workload_pod:kube_pod_owner:relabel{cluster=\"$cluster\", namespace=~\"$namespace\", workload=~\"$workload\", workload_type=\"$type\"}) by (pod))\n
(sum(irate(container_network_receive_packets_dropped_total{cluster=\"$cluster\", namespace=~\"$namespace\"}[$__interval])\n* on (namespace,pod)\ngroup_left(workload,workload_type) namespace_workload_pod:kube_pod_owner:relabel{cluster=\"$cluster\", namespace=~\"$namespace\", workload=~\"$workload\", workload_type=\"$type\"}) by (pod))\n
(sum(irate(container_network_transmit_packets_dropped_total{cluster=\"$cluster\", namespace=~\"$namespace\"}[$__interval])\n* on (namespace,pod)\ngroup_left(workload,workload_type) namespace_workload_pod:kube_pod_owner:relabel{cluster=\"$cluster\", namespace=~\"$namespace\", workload=~\"$workload\", workload_type=\"$type\"}) by (pod))\n
(sum(irate(container_network_receive_bytes_total{cluster=\"$cluster\", namespace=~\"$namespace\"}[$__interval])\n* on (namespace,pod)\ngroup_left(workload,workload_type) namespace_workload_pod:kube_pod_owner:relabel{cluster=\"$cluster\", namespace=~\"$namespace\", workload=~\"$workload\", workload_type=\"$type\"}) by (pod))\n
(sum(irate(container_network_transmit_bytes_total{cluster=\"$cluster\", namespace=~\"$namespace\"}[$__interval])\n* on (namespace,pod)\ngroup_left(workload,workload_type) namespace_workload_pod:kube_pod_owner:relabel{cluster=\"$cluster\", namespace=~\"$namespace\", workload=~\"$workload\", workload_type=\"$type\"}) by (pod))\n
(avg(irate(container_network_receive_bytes_total{cluster=\"$cluster\", namespace=~\"$namespace\"}[$__interval])\n* on (namespace,pod)\ngroup_left(workload,workload_type) namespace_workload_pod:kube_pod_owner:relabel{cluster=\"$cluster\", namespace=~\"$namespace\", workload=~\"$workload\", workload_type=\"$type\"}) by (pod))\n
(avg(irate(container_network_transmit_bytes_total{cluster=\"$cluster\", namespace=~\"$namespace\"}[$__interval])\n* on (namespace,pod)\ngroup_left(workload,workload_type) namespace_workload_pod:kube_pod_owner:relabel{cluster=\"$cluster\", namespace=~\"$namespace\", workload=~\"$workload\", workload_type=\"$type\"}) by (pod))\n
(sum(irate(container_network_receive_packets_total{cluster=\"$cluster\", namespace=~\"$namespace\"}[$__interval])\n* on (namespace,pod)\ngroup_left(workload,workload_type) namespace_workload_pod:kube_pod_owner:relabel{cluster=\"$cluster\", namespace=~\"$namespace\", workload=~\"$workload\", workload_type=\"$type\"}) by (pod))\n
(sum(irate(container_network_transmit_packets_total{cluster=\"$cluster\", namespace=~\"$namespace\"}[$__interval])\n* on (namespace,pod)\ngroup_left(workload,workload_type) namespace_workload_pod:kube_pod_owner:relabel{cluster=\"$cluster\", namespace=~\"$namespace\", workload=~\"$workload\", workload_type=\"$type\"}) by (pod))\n
(sum(irate(container_network_receive_packets_dropped_total{cluster=\"$cluster\", namespace=~\"$namespace\"}[$__interval])\n* on (namespace,pod)\ngroup_left(workload,workload_type) namespace_workload_pod:kube_pod_owner:relabel{cluster=\"$cluster\", namespace=~\"$namespace\", workload=~\"$workload\", workload_type=\"$type\"}) by (pod))\n
(sum(irate(container_network_transmit_packets_dropped_total{cluster=\"$cluster\", namespace=~\"$namespace\"}[$__interval])\n* on (namespace,pod)\ngroup_left(workload,workload_type) namespace_workload_pod:kube_pod_owner:relabel{cluster=\"$cluster\", namespace=~\"$namespace\", workload=~\"$workload\", workload_type=\"$type\"}) by (pod))\n
sum(\n  node_namespace_pod_container:container_cpu_usage_seconds_total:sum_rate{cluster=\"$cluster\", namespace=\"$namespace\"}\n* on(namespace,pod)\n  group_left(workload, workload_type) namespace_workload_pod:kube_pod_owner:relabel{cluster=\"$cluster\", namespace=\"$namespace\", workload_type=\"$type\"}\n) by (workload, workload_type)\n
scalar(kube_resourcequota{cluster=\"$cluster\", namespace=\"$namespace\", type=\"hard\",resource=\"requests.cpu\"})
scalar(kube_resourcequota{cluster=\"$cluster\", namespace=\"$namespace\", type=\"hard\",resource=\"limits.cpu\"})
count(namespace_workload_pod:kube_pod_owner:relabel{cluster=\"$cluster\", namespace=\"$namespace\", workload_type=\"$type\"}) by (workload, workload_type)
sum(\n  node_namespace_pod_container:container_cpu_usage_seconds_total:sum_rate{cluster=\"$cluster\", namespace=\"$namespace\"}\n* on(namespace,pod)\n  group_left(workload, workload_type) namespace_workload_pod:kube_pod_owner:relabel{cluster=\"$cluster\", namespace=\"$namespace\", workload_type=\"$type\"}\n) by (workload, workload_type)\n
sum(\n  kube_pod_container_resource_requests_cpu_cores{cluster=\"$cluster\", namespace=\"$namespace\"}\n* on(namespace,pod)\n  group_left(workload, workload_type) namespace_workload_pod:kube_pod_owner:relabel{cluster=\"$cluster\", namespace=\"$namespace\", workload_type=\"$type\"}\n) by (workload, workload_type)\n
sum(\n  node_namespace_pod_container:container_cpu_usage_seconds_total:sum_rate{cluster=\"$cluster\", namespace=\"$namespace\"}\n* on(namespace,pod)\n  group_left(workload, workload_type) namespace_workload_pod:kube_pod_owner:relabel{cluster=\"$cluster\", namespace=\"$namespace\", workload_type=\"$type\"}\n) by (workload, workload_type)\n/sum(\n  kube_pod_container_resource_requests_cpu_cores{cluster=\"$cluster\", namespace=\"$namespace\"}\n* on(namespace,pod)\n  group_left(workload, workload_type) namespace_workload_pod:kube_pod_owner:relabel{cluster=\"$cluster\", namespace=\"$namespace\", workload_type=\"$type\"}\n) by (workload, workload_type)\n
sum(\n  kube_pod_container_resource_limits_cpu_cores{cluster=\"$cluster\", namespace=\"$namespace\"}\n* on(namespace,pod)\n  group_left(workload, workload_type) namespace_workload_pod:kube_pod_owner:relabel{cluster=\"$cluster\", namespace=\"$namespace\", workload_type=\"$type\"}\n) by (workload, workload_type)\n
sum(\n  node_namespace_pod_container:container_cpu_usage_seconds_total:sum_rate{cluster=\"$cluster\", namespace=\"$namespace\"}\n* on(namespace,pod)\n  group_left(workload, workload_type) namespace_workload_pod:kube_pod_owner:relabel{cluster=\"$cluster\", namespace=\"$namespace\", workload_type=\"$type\"}\n) by (workload, workload_type)\n/sum(\n  kube_pod_container_resource_limits_cpu_cores{cluster=\"$cluster\", namespace=\"$namespace\"}\n* on(namespace,pod)\n  group_left(workload, workload_type) namespace_workload_pod:kube_pod_owner:relabel{cluster=\"$cluster\", namespace=\"$namespace\", workload_type=\"$type\"}\n) by (workload, workload_type)\n
sum(\n    container_memory_working_set_bytes{cluster=\"$cluster\", namespace=\"$namespace\", container!=\"\", image!=\"\"}\n  * on(namespace,pod)\n    group_left(workload, workload_type) namespace_workload_pod:kube_pod_owner:relabel{cluster=\"$cluster\", namespace=\"$namespace\", workload_type=\"$type\"}\n) by (workload, workload_type)\n
scalar(kube_resourcequota{cluster=\"$cluster\", namespace=\"$namespace\", type=\"hard\",resource=\"requests.memory\"})
scalar(kube_resourcequota{cluster=\"$cluster\", namespace=\"$namespace\", type=\"hard\",resource=\"limits.memory\"})
count(namespace_workload_pod:kube_pod_owner:relabel{cluster=\"$cluster\", namespace=\"$namespace\", workload_type=\"$type\"}) by (workload, workload_type)
sum(\n    container_memory_working_set_bytes{cluster=\"$cluster\", namespace=\"$namespace\", container!=\"\", image!=\"\"}\n  * on(namespace,pod)\n    group_left(workload, workload_type) namespace_workload_pod:kube_pod_owner:relabel{cluster=\"$cluster\", namespace=\"$namespace\", workload_type=\"$type\"}\n) by (workload, workload_type)\n
sum(\n  kube_pod_container_resource_requests_memory_bytes{cluster=\"$cluster\", namespace=\"$namespace\"}\n* on(namespace,pod)\n  group_left(workload, workload_type) namespace_workload_pod:kube_pod_owner:relabel{cluster=\"$cluster\", namespace=\"$namespace\", workload_type=\"$type\"}\n) by (workload, workload_type)\n
sum(\n    container_memory_working_set_bytes{cluster=\"$cluster\", namespace=\"$namespace\", container!=\"\", image!=\"\"}\n  * on(namespace,pod)\n    group_left(workload, workload_type) namespace_workload_pod:kube_pod_owner:relabel{cluster=\"$cluster\", namespace=\"$namespace\", workload_type=\"$type\"}\n) by (workload, workload_type)\n/sum(\n  kube_pod_container_resource_requests_memory_bytes{cluster=\"$cluster\", namespace=\"$namespace\"}\n* on(namespace,pod)\n  group_left(workload, workload_type) namespace_workload_pod:kube_pod_owner:relabel{cluster=\"$cluster\", namespace=\"$namespace\", workload_type=\"$type\"}\n) by (workload, workload_type)\n
sum(\n  kube_pod_container_resource_limits_memory_bytes{cluster=\"$cluster\", namespace=\"$namespace\"}\n* on(namespace,pod)\n  group_left(workload, workload_type) namespace_workload_pod:kube_pod_owner:relabel{cluster=\"$cluster\", namespace=\"$namespace\", workload_type=\"$type\"}\n) by (workload, workload_type)\n
sum(\n    container_memory_working_set_bytes{cluster=\"$cluster\", namespace=\"$namespace\", container!=\"\", image!=\"\"}\n  * on(namespace,pod)\n    group_left(workload, workload_type) namespace_workload_pod:kube_pod_owner:relabel{cluster=\"$cluster\", namespace=\"$namespace\", workload_type=\"$type\"}\n) by (workload, workload_type)\n/sum(\n  kube_pod_container_resource_limits_memory_bytes{cluster=\"$cluster\", namespace=\"$namespace\"}\n* on(namespace,pod)\n  group_left(workload, workload_type) namespace_workload_pod:kube_pod_owner:relabel{cluster=\"$cluster\", namespace=\"$namespace\", workload_type=\"$type\"}\n) by (workload, workload_type)\n
(sum(irate(container_network_receive_bytes_total{cluster=\"$cluster\", namespace=~\"$namespace\"}[$__interval])\n* on (namespace,pod)\ngroup_left(workload,workload_type) namespace_workload_pod:kube_pod_owner:relabel{cluster=\"$cluster\", namespace=~\"$namespace\", workload_type=\"$type\"}) by (workload))\n
(sum(irate(container_network_transmit_bytes_total{cluster=\"$cluster\", namespace=~\"$namespace\"}[$__interval])\n* on (namespace,pod)\ngroup_left(workload,workload_type) namespace_workload_pod:kube_pod_owner:relabel{cluster=\"$cluster\", namespace=~\"$namespace\", workload_type=\"$type\"}) by (workload))\n
(sum(irate(container_network_receive_packets_total{cluster=\"$cluster\", namespace=~\"$namespace\"}[$__interval])\n* on (namespace,pod)\ngroup_left(workload,workload_type) namespace_workload_pod:kube_pod_owner:relabel{cluster=\"$cluster\", namespace=~\"$namespace\", workload_type=\"$type\"}) by (workload))\n
(sum(irate(container_network_transmit_packets_total{cluster=\"$cluster\", namespace=~\"$namespace\"}[$__interval])\n* on (namespace,pod)\ngroup_left(workload,workload_type) namespace_workload_pod:kube_pod_owner:relabel{cluster=\"$cluster\", namespace=~\"$namespace\", workload_type=\"$type\"}) by (workload))\n
(sum(irate(container_network_receive_packets_dropped_total{cluster=\"$cluster\", namespace=~\"$namespace\"}[$__interval])\n* on (namespace,pod)\ngroup_left(workload,workload_type) namespace_workload_pod:kube_pod_owner:relabel{cluster=\"$cluster\", namespace=~\"$namespace\", workload_type=\"$type\"}) by (workload))\n
(sum(irate(container_network_transmit_packets_dropped_total{cluster=\"$cluster\", namespace=~\"$namespace\"}[$__interval])\n* on (namespace,pod)\ngroup_left(workload,workload_type) namespace_workload_pod:kube_pod_owner:relabel{cluster=\"$cluster\", namespace=~\"$namespace\", workload_type=\"$type\"}) by (workload))\n
(sum(irate(container_network_receive_bytes_total{cluster=\"$cluster\", namespace=~\"$namespace\"}[$__interval])\n* on (namespace,pod)\ngroup_left(workload,workload_type) namespace_workload_pod:kube_pod_owner:relabel{cluster=\"$cluster\", namespace=~\"$namespace\", workload=~\".+\", workload_type=\"$type\"}) by (workload))\n
(sum(irate(container_network_transmit_bytes_total{cluster=\"$cluster\", namespace=~\"$namespace\"}[$__interval])\n* on (namespace,pod)\ngroup_left(workload,workload_type) namespace_workload_pod:kube_pod_owner:relabel{cluster=\"$cluster\", namespace=~\"$namespace\", workload=~\".+\", workload_type=\"$type\"}) by (workload))\n
(avg(irate(container_network_receive_bytes_total{cluster=\"$cluster\", namespace=~\"$namespace\"}[$__interval])\n* on (namespace,pod)\ngroup_left(workload,workload_type) namespace_workload_pod:kube_pod_owner:relabel{cluster=\"$cluster\", namespace=~\"$namespace\", workload=~\".+\", workload_type=\"$type\"}) by (workload))\n
(avg(irate(container_network_transmit_bytes_total{cluster=\"$cluster\", namespace=~\"$namespace\"}[$__interval])\n* on (namespace,pod)\ngroup_left(workload,workload_type) namespace_workload_pod:kube_pod_owner:relabel{cluster=\"$cluster\", namespace=~\"$namespace\", workload=~\".+\", workload_type=\"$type\"}) by (workload))\n
(sum(irate(container_network_receive_packets_total{cluster=\"$cluster\", namespace=~\"$namespace\"}[$__interval])\n* on (namespace,pod)\ngroup_left(workload,workload_type) namespace_workload_pod:kube_pod_owner:relabel{cluster=\"$cluster\", namespace=~\"$namespace\", workload=~\".+\", workload_type=\"$type\"}) by (workload))\n
(sum(irate(container_network_transmit_packets_total{cluster=\"$cluster\", namespace=~\"$namespace\"}[$__interval])\n* on (namespace,pod)\ngroup_left(workload,workload_type) namespace_workload_pod:kube_pod_owner:relabel{cluster=\"$cluster\", namespace=~\"$namespace\", workload=~\".+\", workload_type=\"$type\"}) by (workload))\n
(sum(irate(container_network_receive_packets_dropped_total{cluster=\"$cluster\", namespace=~\"$namespace\"}[$__interval])\n* on (namespace,pod)\ngroup_left(workload,workload_type) namespace_workload_pod:kube_pod_owner:relabel{cluster=\"$cluster\", namespace=~\"$namespace\", workload=~\".+\", workload_type=\"$type\"}) by (workload))\n
(sum(irate(container_network_transmit_packets_dropped_total{cluster=\"$cluster\", namespace=~\"$namespace\"}[$__interval])\n* on (namespace,pod)\ngroup_left(workload,workload_type) namespace_workload_pod:kube_pod_owner:relabel{cluster=\"$cluster\", namespace=~\"$namespace\", workload=~\".+\", workload_type=\"$type\"}) by (workload))\n
sum(up{cluster=\"$cluster\", job=\"kubelet\"})
sum(kubelet_running_pods{cluster=\"$cluster\", job=\"kubelet\", instance=~\"$instance\"})
sum(kubelet_running_containers{cluster=\"$cluster\", job=\"kubelet\", instance=~\"$instance\"})
sum(volume_manager_total_volumes{cluster=\"$cluster\", job=\"kubelet\", instance=~\"$instance\", state=\"actual_state_of_world\"})
sum(volume_manager_total_volumes{cluster=\"$cluster\", job=\"kubelet\", instance=~\"$instance\",state=\"desired_state_of_world\"})
sum(rate(kubelet_node_config_error{cluster=\"$cluster\", job=\"kubelet\", instance=~\"$instance\"}[5m]))
sum(rate(kubelet_runtime_operations_total{cluster=\"$cluster\",job=\"kubelet\",instance=~\"$instance\"}[5m])) by (operation_type, instance)
sum(rate(kubelet_runtime_operations_errors_total{cluster=\"$cluster\",job=\"kubelet\",instance=~\"$instance\"}[5m])) by (instance, operation_type)
histogram_quantile(0.99, sum(rate(kubelet_runtime_operations_duration_seconds_bucket{cluster=\"$cluster\",job=\"kubelet\",instance=~\"$instance\"}[5m])) by (instance, operation_type, le))
sum(rate(kubelet_pod_start_duration_seconds_count{cluster=\"$cluster\",job=\"kubelet\",instance=~\"$instance\"}[5m])) by (instance)
sum(rate(kubelet_pod_worker_duration_seconds_count{cluster=\"$cluster\",job=\"kubelet\",instance=~\"$instance\"}[5m])) by (instance)
histogram_quantile(0.99, sum(rate(kubelet_pod_start_duration_seconds_count{cluster=\"$cluster\",job=\"kubelet\",instance=~\"$instance\"}[5m])) by (instance, le))
histogram_quantile(0.99, sum(rate(kubelet_pod_worker_duration_seconds_bucket{cluster=\"$cluster\",job=\"kubelet\",instance=~\"$instance\"}[5m])) by (instance, le))
sum(rate(storage_operation_duration_seconds_count{cluster=\"$cluster\",job=\"kubelet\",instance=~\"$instance\"}[5m])) by (instance, operation_name, volume_plugin)
sum(rate(storage_operation_errors_total{cluster=\"$cluster\",job=\"kubelet\",instance=~\"$instance\"}[5m])) by (instance, operation_name, volume_plugin)
histogram_quantile(0.99, sum(rate(storage_operation_duration_seconds_bucket{cluster=\"$cluster\", job=\"kubelet\", instance=~\"$instance\"}[5m])) by (instance, operation_name, volume_plugin, le))
sum(rate(kubelet_cgroup_manager_duration_seconds_count{cluster=\"$cluster\", job=\"kubelet\", instance=~\"$instance\"}[5m])) by (instance, operation_type)
histogram_quantile(0.99, sum(rate(kubelet_cgroup_manager_duration_seconds_bucket{cluster=\"$cluster\", job=\"kubelet\", instance=~\"$instance\"}[5m])) by (instance, operation_type, le))
sum(rate(kubelet_pleg_relist_duration_seconds_count{cluster=\"$cluster\", job=\"kubelet\", instance=~\"$instance\"}[5m])) by (instance)
histogram_quantile(0.99, sum(rate(kubelet_pleg_relist_interval_seconds_bucket{cluster=\"$cluster\",job=\"kubelet\",instance=~\"$instance\"}[5m])) by (instance, le))
histogram_quantile(0.99, sum(rate(kubelet_pleg_relist_duration_seconds_bucket{cluster=\"$cluster\",job=\"kubelet\",instance=~\"$instance\"}[5m])) by (instance, le))
sum(rate(rest_client_requests_total{cluster=\"$cluster\",job=\"kubelet\", instance=~\"$instance\",code=~\"2..\"}[5m]))
sum(rate(rest_client_requests_total{cluster=\"$cluster\",job=\"kubelet\", instance=~\"$instance\",code=~\"3..\"}[5m]))
sum(rate(rest_client_requests_total{cluster=\"$cluster\",job=\"kubelet\", instance=~\"$instance\",code=~\"4..\"}[5m]))
sum(rate(rest_client_requests_total{cluster=\"$cluster\",job=\"kubelet\", instance=~\"$instance\",code=~\"5..\"}[5m]))
histogram_quantile(0.99, sum(rate(rest_client_request_duration_seconds_bucket{cluster=\"$cluster\",job=\"kubelet\", instance=~\"$instance\"}[5m])) by (instance, verb, url, le))
process_resident_memory_bytes{cluster=\"$cluster\",job=\"kubelet\",instance=~\"$instance\"}
rate(process_cpu_seconds_total{cluster=\"$cluster\",job=\"kubelet\",instance=~\"$instance\"}[5m])
go_goroutines{cluster=\"$cluster\",job=\"kubelet\",instance=~\"$instance\"}
sum(irate(container_network_receive_bytes_total{namespace=~\"$namespace\"}[$interval:$resolution]))
sum(irate(container_network_transmit_bytes_total{namespace=~\"$namespace\"}[$interval:$resolution]))
sum(irate(container_network_receive_bytes_total{namespace=~\"$namespace\"}[$interval:$resolution])) by (pod)
sum(irate(container_network_transmit_bytes_total{namespace=~\"$namespace\"}[$interval:$resolution])) by (pod)
sum(irate(container_network_receive_packets_total{namespace=~\"$namespace\"}[$interval:$resolution])) by (pod)
sum(irate(container_network_transmit_packets_total{namespace=~\"$namespace\"}[$interval:$resolution])) by (pod)
sum(irate(container_network_receive_packets_dropped_total{namespace=~\"$namespace\"}[$interval:$resolution])) by (pod)
sum(irate(container_network_transmit_packets_dropped_total{namespace=~\"$namespace\"}[$interval:$resolution])) by (pod)
sum(irate(container_network_receive_bytes_total{namespace=~\"$namespace\"}[$interval:$resolution])) by (pod)
sum(irate(container_network_transmit_bytes_total{namespace=~\"$namespace\"}[$interval:$resolution])) by (pod)
sum(irate(container_network_receive_packets_total{namespace=~\"$namespace\"}[$interval:$resolution])) by (pod)
sum(irate(container_network_transmit_packets_total{namespace=~\"$namespace\"}[$interval:$resolution])) by (pod)
sum(irate(container_network_receive_packets_dropped_total{namespace=~\"$namespace\"}[$interval:$resolution])) by (pod)
sum(irate(container_network_transmit_packets_dropped_total{namespace=~\"$namespace\"}[$interval:$resolution])) by (pod)
sort_desc(sum(irate(container_network_receive_bytes_total{namespace=~\"$namespace\"}[$interval:$resolution])\n* on (namespace,pod)\ngroup_left(workload,workload_type) namespace_workload_pod:kube_pod_owner:relabel{namespace=~\"$namespace\", workload=~\".+\", workload_type=\"$type\"}) by (workload))\n
sort_desc(sum(irate(container_network_transmit_bytes_total{namespace=~\"$namespace\"}[$interval:$resolution])\n* on (namespace,pod)\ngroup_left(workload,workload_type) namespace_workload_pod:kube_pod_owner:relabel{namespace=~\"$namespace\", workload=~\".+\", workload_type=\"$type\"}) by (workload))\n
sort_desc(sum(irate(container_network_receive_bytes_total{namespace=~\"$namespace\"}[$interval:$resolution])\n* on (namespace,pod)\ngroup_left(workload,workload_type) namespace_workload_pod:kube_pod_owner:relabel{namespace=~\"$namespace\", workload=~\".+\", workload_type=\"$type\"}) by (workload))\n
sort_desc(sum(irate(container_network_transmit_bytes_total{namespace=~\"$namespace\"}[$interval:$resolution])\n* on (namespace,pod)\ngroup_left(workload,workload_type) namespace_workload_pod:kube_pod_owner:relabel{namespace=~\"$namespace\", workload=~\".+\", workload_type=\"$type\"}) by (workload))\n
sort_desc(avg(irate(container_network_receive_bytes_total{namespace=~\"$namespace\"}[$interval:$resolution])\n* on (namespace,pod)\ngroup_left(workload,workload_type) namespace_workload_pod:kube_pod_owner:relabel{namespace=~\"$namespace\", workload=~\".+\", workload_type=\"$type\"}) by (workload))\n
sort_desc(avg(irate(container_network_transmit_bytes_total{namespace=~\"$namespace\"}[$interval:$resolution])\n* on (namespace,pod)\ngroup_left(workload,workload_type) namespace_workload_pod:kube_pod_owner:relabel{namespace=~\"$namespace\", workload=~\".+\", workload_type=\"$type\"}) by (workload))\n
sort_desc(sum(irate(container_network_receive_packets_total{namespace=~\"$namespace\"}[$interval:$resolution])\n* on (namespace,pod)\ngroup_left(workload,workload_type) namespace_workload_pod:kube_pod_owner:relabel{namespace=~\"$namespace\", workload=~\".+\", workload_type=\"$type\"}) by (workload))\n
sort_desc(sum(irate(container_network_transmit_packets_total{namespace=~\"$namespace\"}[$interval:$resolution])\n* on (namespace,pod)\ngroup_left(workload,workload_type) namespace_workload_pod:kube_pod_owner:relabel{namespace=~\"$namespace\", workload=~\".+\", workload_type=\"$type\"}) by (workload))\n
sort_desc(sum(irate(container_network_receive_packets_dropped_total{namespace=~\"$namespace\"}[$interval:$resolution])\n* on (namespace,pod)\ngroup_left(workload,workload_type) namespace_workload_pod:kube_pod_owner:relabel{namespace=~\"$namespace\", workload=~\".+\", workload_type=\"$type\"}) by (workload))\n
sort_desc(sum(irate(container_network_transmit_packets_dropped_total{namespace=~\"$namespace\"}[$interval:$resolution])\n* on (namespace,pod)\ngroup_left(workload,workload_type) namespace_workload_pod:kube_pod_owner:relabel{namespace=~\"$namespace\", workload=~\".+\", workload_type=\"$type\"}) by (workload))\n
sort_desc(avg(irate(container_network_receive_bytes_total{namespace=~\"$namespace\"}[$interval:$resolution])\n* on (namespace,pod)\ngroup_left(workload,workload_type) namespace_workload_pod:kube_pod_owner:relabel{namespace=~\"$namespace\", workload=~\".+\", workload_type=\"$type\"}) by (workload))\n
sort_desc(avg(irate(container_network_transmit_bytes_total{namespace=~\"$namespace\"}[$interval:$resolution])\n* on (namespace,pod)\ngroup_left(workload,workload_type) namespace_workload_pod:kube_pod_owner:relabel{namespace=~\"$namespace\", workload=~\".+\", workload_type=\"$type\"}) by (workload))\n
sort_desc(sum(irate(container_network_receive_bytes_total{namespace=~\"$namespace\"}[$interval:$resolution])\n* on (namespace,pod)\ngroup_left(workload,workload_type) namespace_workload_pod:kube_pod_owner:relabel{namespace=~\"$namespace\", workload=~\".+\", workload_type=\"$type\"}) by (workload))\n
sort_desc(sum(irate(container_network_transmit_bytes_total{namespace=~\"$namespace\"}[$interval:$resolution])\n* on (namespace,pod)\ngroup_left(workload,workload_type) namespace_workload_pod:kube_pod_owner:relabel{namespace=~\"$namespace\", workload=~\".+\", workload_type=\"$type\"}) by (workload))\n
sort_desc(sum(irate(container_network_receive_packets_total{namespace=~\"$namespace\"}[$interval:$resolution])\n* on (namespace,pod)\ngroup_left(workload,workload_type) namespace_workload_pod:kube_pod_owner:relabel{namespace=~\"$namespace\", workload=~\".+\", workload_type=\"$type\"}) by (workload))\n
sort_desc(sum(irate(container_network_transmit_packets_total{namespace=~\"$namespace\"}[$interval:$resolution])\n* on (namespace,pod)\ngroup_left(workload,workload_type) namespace_workload_pod:kube_pod_owner:relabel{namespace=~\"$namespace\", workload=~\".+\", workload_type=\"$type\"}) by (workload))\n
sort_desc(sum(irate(container_network_receive_packets_dropped_total{namespace=~\"$namespace\"}[$interval:$resolution])\n* on (namespace,pod)\ngroup_left(workload,workload_type) namespace_workload_pod:kube_pod_owner:relabel{namespace=~\"$namespace\", workload=~\".+\", workload_type=\"$type\"}) by (workload))\n
sort_desc(sum(irate(container_network_transmit_packets_dropped_total{namespace=~\"$namespace\"}[$interval:$resolution])\n* on (namespace,pod)\ngroup_left(workload,workload_type) namespace_workload_pod:kube_pod_owner:relabel{namespace=~\"$namespace\", workload=~\".+\", workload_type=\"$type\"}) by (workload))\n
(\n  sum without(instance, node) (kubelet_volume_stats_capacity_bytes{cluster=\"$cluster\", job=\"kubelet\", namespace=\"$namespace\", persistentvolumeclaim=\"$volume\"})\n  -\n  sum without(instance, node) (kubelet_volume_stats_available_bytes{cluster=\"$cluster\", job=\"kubelet\", namespace=\"$namespace\", persistentvolumeclaim=\"$volume\"})\n)\n
sum without(instance, node) (kubelet_volume_stats_available_bytes{cluster=\"$cluster\", job=\"kubelet\", namespace=\"$namespace\", persistentvolumeclaim=\"$volume\"})\n
(\n  kubelet_volume_stats_capacity_bytes{cluster=\"$cluster\", job=\"kubelet\", namespace=\"$namespace\", persistentvolumeclaim=\"$volume\"}\n  -\n  kubelet_volume_stats_available_bytes{cluster=\"$cluster\", job=\"kubelet\", namespace=\"$namespace\", persistentvolumeclaim=\"$volume\"}\n)\n/\nkubelet_volume_stats_capacity_bytes{cluster=\"$cluster\", job=\"kubelet\", namespace=\"$namespace\", persistentvolumeclaim=\"$volume\"}\n* 100\n
sum without(instance, node) (kubelet_volume_stats_inodes_used{cluster=\"$cluster\", job=\"kubelet\", namespace=\"$namespace\", persistentvolumeclaim=\"$volume\"})\n
(\n  sum without(instance, node) (kubelet_volume_stats_inodes{cluster=\"$cluster\", job=\"kubelet\", namespace=\"$namespace\", persistentvolumeclaim=\"$volume\"})\n  -\n  sum without(instance, node) (kubelet_volume_stats_inodes_used{cluster=\"$cluster\", job=\"kubelet\", namespace=\"$namespace\", persistentvolumeclaim=\"$volume\"})\n)\n
kubelet_volume_stats_inodes_used{cluster=\"$cluster\", job=\"kubelet\", namespace=\"$namespace\", persistentvolumeclaim=\"$volume\"}\n/\nkubelet_volume_stats_inodes{cluster=\"$cluster\", job=\"kubelet\", namespace=\"$namespace\", persistentvolumeclaim=\"$volume\"}\n* 100\n
sum(irate(container_network_receive_bytes_total{namespace=~\"$namespace\", pod=~\"$pod\"}[$interval:$resolution]))
sum(irate(container_network_transmit_bytes_total{namespace=~\"$namespace\", pod=~\"$pod\"}[$interval:$resolution]))
sum(irate(container_network_receive_bytes_total{namespace=~\"$namespace\", pod=~\"$pod\"}[$interval:$resolution])) by (pod)
sum(irate(container_network_transmit_bytes_total{namespace=~\"$namespace\", pod=~\"$pod\"}[$interval:$resolution])) by (pod)
sum(irate(container_network_receive_packets_total{namespace=~\"$namespace\", pod=~\"$pod\"}[$interval:$resolution])) by (pod)
sum(irate(container_network_transmit_packets_total{namespace=~\"$namespace\", pod=~\"$pod\"}[$interval:$resolution])) by (pod)
sum(irate(container_network_receive_packets_dropped_total{namespace=~\"$namespace\", pod=~\"$pod\"}[$interval:$resolution])) by (pod)
sum(irate(container_network_transmit_packets_dropped_total{namespace=~\"$namespace\", pod=~\"$pod\"}[$interval:$resolution])) by (pod)
sum(up{job=\"kube-proxy\"})
sum(rate(kubeproxy_sync_proxy_rules_duration_seconds_count{job=\"kube-proxy\", instance=~\"$instance\"}[5m]))
histogram_quantile(0.99,rate(kubeproxy_sync_proxy_rules_duration_seconds_bucket{job=\"kube-proxy\", instance=~\"$instance\"}[5m]))
sum(rate(kubeproxy_network_programming_duration_seconds_count{job=\"kube-proxy\", instance=~\"$instance\"}[5m]))
histogram_quantile(0.99, sum(rate(kubeproxy_network_programming_duration_seconds_bucket{job=\"kube-proxy\", instance=~\"$instance\"}[5m])) by (instance, le))
sum(rate(rest_client_requests_total{job=\"kube-proxy\", instance=~\"$instance\",code=~\"2..\"}[5m]))
sum(rate(rest_client_requests_total{job=\"kube-proxy\", instance=~\"$instance\",code=~\"3..\"}[5m]))
sum(rate(rest_client_requests_total{job=\"kube-proxy\", instance=~\"$instance\",code=~\"4..\"}[5m]))
sum(rate(rest_client_requests_total{job=\"kube-proxy\", instance=~\"$instance\",code=~\"5..\"}[5m]))
histogram_quantile(0.99, sum(rate(rest_client_request_duration_seconds_bucket{job=\"kube-proxy\",instance=~\"$instance\",verb=\"POST\"}[5m])) by (verb, url, le))
histogram_quantile(0.99, sum(rate(rest_client_request_duration_seconds_bucket{job=\"kube-proxy\", instance=~\"$instance\", verb=\"GET\"}[5m])) by (verb, url, le))
process_resident_memory_bytes{job=\"kube-proxy\",instance=~\"$instance\"}
rate(process_cpu_seconds_total{job=\"kube-proxy\",instance=~\"$instance\"}[5m])
go_goroutines{job=\"kube-proxy\",instance=~\"$instance\"}
sum(up{job=\"kube-scheduler\"})
sum(rate(scheduler_e2e_scheduling_duration_seconds_count{job=\"kube-scheduler\", instance=~\"$instance\"}[5m])) by (instance)
sum(rate(scheduler_binding_duration_seconds_count{job=\"kube-scheduler\", instance=~\"$instance\"}[5m])) by (instance)
sum(rate(scheduler_scheduling_algorithm_duration_seconds_count{job=\"kube-scheduler\", instance=~\"$instance\"}[5m])) by (instance)
sum(rate(scheduler_volume_scheduling_duration_seconds_count{job=\"kube-scheduler\", instance=~\"$instance\"}[5m])) by (instance)
histogram_quantile(0.99, sum(rate(scheduler_e2e_scheduling_duration_seconds_bucket{job=\"kube-scheduler\",instance=~\"$instance\"}[5m])) by (instance, le))
histogram_quantile(0.99, sum(rate(scheduler_binding_duration_seconds_bucket{job=\"kube-scheduler\",instance=~\"$instance\"}[5m])) by (instance, le))
histogram_quantile(0.99, sum(rate(scheduler_scheduling_algorithm_duration_seconds_bucket{job=\"kube-scheduler\",instance=~\"$instance\"}[5m])) by (instance, le))
histogram_quantile(0.99, sum(rate(scheduler_volume_scheduling_duration_seconds_bucket{job=\"kube-scheduler\",instance=~\"$instance\"}[5m])) by (instance, le))
sum(rate(rest_client_requests_total{job=\"kube-scheduler\", instance=~\"$instance\",code=~\"2..\"}[5m]))
sum(rate(rest_client_requests_total{job=\"kube-scheduler\", instance=~\"$instance\",code=~\"3..\"}[5m]))
sum(rate(rest_client_requests_total{job=\"kube-scheduler\", instance=~\"$instance\",code=~\"4..\"}[5m]))
sum(rate(rest_client_requests_total{job=\"kube-scheduler\", instance=~\"$instance\",code=~\"5..\"}[5m]))
histogram_quantile(0.99, sum(rate(rest_client_request_duration_seconds_bucket{job=\"kube-scheduler\", instance=~\"$instance\", verb=\"POST\"}[5m])) by (verb, url, le))
histogram_quantile(0.99, sum(rate(rest_client_request_duration_seconds_bucket{job=\"kube-scheduler\", instance=~\"$instance\", verb=\"GET\"}[5m])) by (verb, url, le))
process_resident_memory_bytes{job=\"kube-scheduler\", instance=~\"$instance\"}
rate(process_cpu_seconds_total{job=\"kube-scheduler\", instance=~\"$instance\"}[5m])
go_goroutines{job=\"kube-scheduler\",instance=~\"$instance\"}
sum(rate(container_cpu_usage_seconds_total{job=\"cadvisor\", cluster=\"$cluster\", namespace=\"$namespace\", pod=~\"$statefulset.*\"}[3m]))
sum(container_memory_usage_bytes{job=\"cadvisor\", cluster=\"$cluster\", namespace=\"$namespace\", pod=~\"$statefulset.*\"}) / 1024^3
sum(rate(container_network_transmit_bytes_total{job=\"cadvisor\", cluster=\"$cluster\", namespace=\"$namespace\", pod=~\"$statefulset.*\"}[3m])) + sum(rate(container_network_receive_bytes_total{cluster=\"$cluster\", namespace=\"$namespace\",pod=~\"$statefulset.*\"}[3m]))
max(kube_statefulset_replicas{job=\"kube-state-metrics\", cluster=\"$cluster\", namespace=\"$namespace\", statefulset=\"$statefulset\"}) without (instance, pod)
min(kube_statefulset_status_replicas_current{job=\"kube-state-metrics\", cluster=\"$cluster\", namespace=\"$namespace\", statefulset=\"$statefulset\"}) without (instance, pod)
max(kube_statefulset_status_observed_generation{job=\"kube-state-metrics\", cluster=\"$cluster\", namespace=\"$namespace\", statefulset=\"$statefulset\"}) without (instance, pod)
max(kube_statefulset_metadata_generation{job=\"kube-state-metrics\", statefulset=\"$statefulset\", cluster=\"$cluster\", namespace=\"$namespace\"}) without (instance, pod)
max(kube_statefulset_replicas{job=\"kube-state-metrics\", statefulset=\"$statefulset\", cluster=\"$cluster\", namespace=\"$namespace\"}) without (instance, pod)
max(kube_statefulset_status_replicas{job=\"kube-state-metrics\", statefulset=\"$statefulset\", cluster=\"$cluster\", namespace=\"$namespace\"}) without (instance, pod)
min(kube_statefulset_status_replicas_ready{job=\"kube-state-metrics\", statefulset=\"$statefulset\", cluster=\"$cluster\", namespace=\"$namespace\"}) without (instance, pod)
min(kube_statefulset_status_replicas_current{job=\"kube-state-metrics\", statefulset=\"$statefulset\", cluster=\"$cluster\", namespace=\"$namespace\"}) without (instance, pod)
min(kube_statefulset_status_replicas_updated{job=\"kube-state-metrics\", statefulset=\"$statefulset\", cluster=\"$cluster\", namespace=\"$namespace\"}) without (instance, pod)
sort_desc(sum(irate(container_network_receive_bytes_total{namespace=~\"$namespace\"}[$interval:$resolution])\n* on (namespace,pod)\ngroup_left(workload,workload_type) namespace_workload_pod:kube_pod_owner:relabel{namespace=~\"$namespace\", workload=~\"$workload\", workload_type=\"$type\"}) by (pod))\n
sort_desc(sum(irate(container_network_transmit_bytes_total{namespace=~\"$namespace\"}[$interval:$resolution])\n* on (namespace,pod)\ngroup_left(workload,workload_type) namespace_workload_pod:kube_pod_owner:relabel{namespace=~\"$namespace\", workload=~\"$workload\", workload_type=\"$type\"}) by (pod))\n
sort_desc(avg(irate(container_network_receive_bytes_total{namespace=~\"$namespace\"}[$interval:$resolution])\n* on (namespace,pod)\ngroup_left(workload,workload_type) namespace_workload_pod:kube_pod_owner:relabel{namespace=~\"$namespace\", workload=~\"$workload\", workload_type=\"$type\"}) by (pod))\n
sort_desc(avg(irate(container_network_transmit_bytes_total{namespace=~\"$namespace\"}[$interval:$resolution])\n* on (namespace,pod)\ngroup_left(workload,workload_type) namespace_workload_pod:kube_pod_owner:relabel{namespace=~\"$namespace\", workload=~\"$workload\", workload_type=\"$type\"}) by (pod))\n
sort_desc(sum(irate(container_network_receive_bytes_total{namespace=~\"$namespace\"}[$interval:$resolution])\n* on (namespace,pod)\ngroup_left(workload,workload_type) namespace_workload_pod:kube_pod_owner:relabel{namespace=~\"$namespace\", workload=~\"$workload\", workload_type=\"$type\"}) by (pod))\n
sort_desc(sum(irate(container_network_transmit_bytes_total{namespace=~\"$namespace\"}[$interval:$resolution])\n* on (namespace,pod)\ngroup_left(workload,workload_type) namespace_workload_pod:kube_pod_owner:relabel{namespace=~\"$namespace\", workload=~\"$workload\", workload_type=\"$type\"}) by (pod))\n
sort_desc(sum(irate(container_network_receive_packets_total{namespace=~\"$namespace\"}[$interval:$resolution])\n* on (namespace,pod)\ngroup_left(workload,workload_type) namespace_workload_pod:kube_pod_owner:relabel{namespace=~\"$namespace\", workload=~\"$workload\", workload_type=\"$type\"}) by (pod))\n
sort_desc(sum(irate(container_network_transmit_packets_total{namespace=~\"$namespace\"}[$interval:$resolution])\n* on (namespace,pod)\ngroup_left(workload,workload_type) namespace_workload_pod:kube_pod_owner:relabel{namespace=~\"$namespace\", workload=~\"$workload\", workload_type=\"$type\"}) by (pod))\n
sort_desc(sum(irate(container_network_receive_packets_dropped_total{namespace=~\"$namespace\"}[$interval:$resolution])\n* on (namespace,pod)\ngroup_left(workload,workload_type) namespace_workload_pod:kube_pod_owner:relabel{namespace=~\"$namespace\", workload=~\"$workload\", workload_type=\"$type\"}) by (pod))\n
sort_desc(sum(irate(container_network_transmit_packets_dropped_total{namespace=~\"$namespace\"}[$interval:$resolution])\n* on (namespace,pod)\ngroup_left(workload,workload_type) namespace_workload_pod:kube_pod_owner:relabel{namespace=~\"$namespace\", workload=~\"$workload\", workload_type=\"$type\"}) by (pod))\n